2023-03-07 09:45:16.499  INFO 9140 --- [restartedMain] com.hcl.BookingServiceApplication        : Starting BookingServiceApplication using Java 16.0.1 on LP-PF22GKY9 with PID 9140 (C:\Users\bhavsar.siddh\Downloads\Teams Updated\Backend\BookingService (2)\BookingService\BookingService\target\classes started by bhavsar.siddh in C:\Users\bhavsar.siddh\Downloads\Teams Updated\Backend\BookingService (2)\BookingService\BookingService)
2023-03-07 09:45:16.533  INFO 9140 --- [restartedMain] com.hcl.BookingServiceApplication        : No active profile set, falling back to 1 default profile: "default"
2023-03-07 09:45:16.700  INFO 9140 --- [restartedMain] .e.DevToolsPropertyDefaultsPostProcessor : Devtools property defaults active! Set 'spring.devtools.add-properties' to 'false' to disable
2023-03-07 09:45:16.700  INFO 9140 --- [restartedMain] .e.DevToolsPropertyDefaultsPostProcessor : For additional web related logging consider setting the 'logging.level.web' property to 'DEBUG'
2023-03-07 09:45:19.466  INFO 9140 --- [restartedMain] .s.d.r.c.RepositoryConfigurationDelegate : Bootstrapping Spring Data JPA repositories in DEFAULT mode.
2023-03-07 09:45:19.855  INFO 9140 --- [restartedMain] .s.d.r.c.RepositoryConfigurationDelegate : Finished Spring Data repository scanning in 355 ms. Found 1 JPA repository interfaces.
2023-03-07 09:45:20.495  INFO 9140 --- [restartedMain] o.s.cloud.context.scope.GenericScope     : BeanFactory id=16d0d222-a3b4-33ab-84f9-d310702b2d3e
2023-03-07 09:45:22.894  INFO 9140 --- [restartedMain] o.s.b.w.embedded.tomcat.TomcatWebServer  : Tomcat initialized with port(s): 8084 (http)
2023-03-07 09:45:22.919  INFO 9140 --- [restartedMain] o.apache.catalina.core.StandardService   : Starting service [Tomcat]
2023-03-07 09:45:22.920  INFO 9140 --- [restartedMain] org.apache.catalina.core.StandardEngine  : Starting Servlet engine: [Apache Tomcat/9.0.71]
2023-03-07 09:45:24.886  INFO 9140 --- [restartedMain] o.a.c.c.C.[Tomcat].[localhost].[/]       : Initializing Spring embedded WebApplicationContext
2023-03-07 09:45:24.887  INFO 9140 --- [restartedMain] w.s.c.ServletWebServerApplicationContext : Root WebApplicationContext: initialization completed in 8184 ms
2023-03-07 09:45:25.611  INFO 9140 --- [restartedMain] o.hibernate.jpa.internal.util.LogHelper  : HHH000204: Processing PersistenceUnitInfo [name: default]
2023-03-07 09:45:25.766  INFO 9140 --- [restartedMain] org.hibernate.Version                    : HHH000412: Hibernate ORM core version 5.6.14.Final
2023-03-07 09:45:26.335  INFO 9140 --- [restartedMain] o.hibernate.annotations.common.Version   : HCANN000001: Hibernate Commons Annotations {5.1.2.Final}
2023-03-07 09:45:26.606  INFO 9140 --- [restartedMain] com.zaxxer.hikari.HikariDataSource       : HikariPool-1 - Starting...
2023-03-07 09:45:27.495  INFO 9140 --- [restartedMain] com.zaxxer.hikari.HikariDataSource       : HikariPool-1 - Start completed.
2023-03-07 09:45:27.533  INFO 9140 --- [restartedMain] org.hibernate.dialect.Dialect            : HHH000400: Using dialect: org.hibernate.dialect.MySQL8Dialect
2023-03-07 09:45:29.243  INFO 9140 --- [restartedMain] o.h.e.t.j.p.i.JtaPlatformInitiator       : HHH000490: Using JtaPlatform implementation: [org.hibernate.engine.transaction.jta.platform.internal.NoJtaPlatform]
2023-03-07 09:45:29.257  INFO 9140 --- [restartedMain] j.LocalContainerEntityManagerFactoryBean : Initialized JPA EntityManagerFactory for persistence unit 'default'
2023-03-07 09:45:31.165  WARN 9140 --- [restartedMain] JpaBaseConfiguration$JpaWebConfiguration : spring.jpa.open-in-view is enabled by default. Therefore, database queries may be performed during view rendering. Explicitly configure spring.jpa.open-in-view to disable this warning
2023-03-07 09:45:32.191  WARN 9140 --- [restartedMain] o.s.b.d.a.OptionalLiveReloadServer       : Unable to start LiveReload server
2023-03-07 09:45:34.470  INFO 9140 --- [restartedMain] DiscoveryClientOptionalArgsConfiguration : Eureka HTTP Client uses RestTemplate.
2023-03-07 09:45:35.542  WARN 9140 --- [restartedMain] iguration$LoadBalancerCaffeineWarnLogger : Spring Cloud LoadBalancer is currently working with the default cache. While this cache implementation is useful for development and tests, it's recommended to use Caffeine cache in production.You can switch to using Caffeine cache, by adding it and org.springframework.cache.caffeine.CaffeineCacheManager to the classpath.
2023-03-07 09:45:35.615  INFO 9140 --- [restartedMain] o.s.c.n.eureka.InstanceInfoFactory       : Setting initial instance status as: STARTING
2023-03-07 09:45:35.924  INFO 9140 --- [restartedMain] com.netflix.discovery.DiscoveryClient    : Initializing Eureka in region us-east-1
2023-03-07 09:45:35.943  INFO 9140 --- [restartedMain] c.n.d.s.r.aws.ConfigClusterResolver      : Resolving eureka endpoints via configuration
2023-03-07 09:45:36.037  INFO 9140 --- [restartedMain] com.netflix.discovery.DiscoveryClient    : Disable delta property : false
2023-03-07 09:45:36.038  INFO 9140 --- [restartedMain] com.netflix.discovery.DiscoveryClient    : Single vip registry refresh property : null
2023-03-07 09:45:36.039  INFO 9140 --- [restartedMain] com.netflix.discovery.DiscoveryClient    : Force full registry fetch : false
2023-03-07 09:45:36.039  INFO 9140 --- [restartedMain] com.netflix.discovery.DiscoveryClient    : Application is null : false
2023-03-07 09:45:36.039  INFO 9140 --- [restartedMain] com.netflix.discovery.DiscoveryClient    : Registered Applications size is zero : true
2023-03-07 09:45:36.039  INFO 9140 --- [restartedMain] com.netflix.discovery.DiscoveryClient    : Application version is -1: true
2023-03-07 09:45:36.040  INFO 9140 --- [restartedMain] com.netflix.discovery.DiscoveryClient    : Getting all instance registry info from the eureka server
2023-03-07 09:45:36.912  INFO 9140 --- [restartedMain] com.netflix.discovery.DiscoveryClient    : The response status is 200
2023-03-07 09:45:36.925  INFO 9140 --- [restartedMain] com.netflix.discovery.DiscoveryClient    : Starting heartbeat executor: renew interval is: 30
2023-03-07 09:45:36.936  INFO 9140 --- [restartedMain] c.n.discovery.InstanceInfoReplicator     : InstanceInfoReplicator onDemand update allowed rate per min is 4
2023-03-07 09:45:36.954  INFO 9140 --- [restartedMain] com.netflix.discovery.DiscoveryClient    : Discovery Client initialized at timestamp 1678162536952 with initial instances count: 2
2023-03-07 09:45:36.969  INFO 9140 --- [restartedMain] o.s.c.n.e.s.EurekaServiceRegistry        : Registering application BOOKING-SERVICE with eureka with status UP
2023-03-07 09:45:36.970  INFO 9140 --- [restartedMain] com.netflix.discovery.DiscoveryClient    : Saw local status change event StatusChangeEvent [timestamp=1678162536970, current=UP, previous=STARTING]
2023-03-07 09:45:36.974  INFO 9140 --- [DiscoveryClient-InstanceInfoReplicator-0] com.netflix.discovery.DiscoveryClient    : DiscoveryClient_BOOKING-SERVICE/LP-PF22GKY9.HCLT.CORP.HCL.IN:Booking-Service:8084: registering service...
2023-03-07 09:45:37.103  INFO 9140 --- [restartedMain] o.s.b.w.embedded.tomcat.TomcatWebServer  : Tomcat started on port(s): 8084 (http) with context path ''
2023-03-07 09:45:37.104  INFO 9140 --- [restartedMain] .s.c.n.e.s.EurekaAutoServiceRegistration : Updating port to 8084
2023-03-07 09:45:37.131  INFO 9140 --- [DiscoveryClient-InstanceInfoReplicator-0] com.netflix.discovery.DiscoveryClient    : DiscoveryClient_BOOKING-SERVICE/LP-PF22GKY9.HCLT.CORP.HCL.IN:Booking-Service:8084 - registration status: 204
2023-03-07 09:45:37.953  INFO 9140 --- [restartedMain] d.s.w.p.DocumentationPluginsBootstrapper : Context refreshed
2023-03-07 09:45:37.986  INFO 9140 --- [restartedMain] d.s.w.p.DocumentationPluginsBootstrapper : Found 1 custom documentation plugin(s)
2023-03-07 09:45:38.004  INFO 9140 --- [restartedMain] s.d.s.w.s.ApiListingReferenceScanner     : Scanning for api listing references
2023-03-07 09:45:38.489  INFO 9140 --- [restartedMain] com.hcl.BookingServiceApplication        : Started BookingServiceApplication in 23.637 seconds (JVM running for 30.204)
2023-03-07 09:50:36.047  INFO 9140 --- [AsyncResolver-bootstrap-executor-0] c.n.d.s.r.aws.ConfigClusterResolver      : Resolving eureka endpoints via configuration
2023-03-07 09:51:42.305  INFO 9140 --- [http-nio-8084-exec-3] o.a.c.c.C.[Tomcat].[localhost].[/]       : Initializing Spring DispatcherServlet 'dispatcherServlet'
2023-03-07 09:51:42.307  INFO 9140 --- [http-nio-8084-exec-3] o.s.web.servlet.DispatcherServlet        : Initializing Servlet 'dispatcherServlet'
2023-03-07 09:51:42.352  INFO 9140 --- [http-nio-8084-exec-3] o.s.web.servlet.DispatcherServlet        : Completed initialization in 44 ms
2023-03-07 09:55:36.069  INFO 9140 --- [AsyncResolver-bootstrap-executor-0] c.n.d.s.r.aws.ConfigClusterResolver      : Resolving eureka endpoints via configuration
2023-03-07 10:00:36.089  INFO 9140 --- [AsyncResolver-bootstrap-executor-0] c.n.d.s.r.aws.ConfigClusterResolver      : Resolving eureka endpoints via configuration
2023-03-07 10:05:36.116  INFO 9140 --- [AsyncResolver-bootstrap-executor-0] c.n.d.s.r.aws.ConfigClusterResolver      : Resolving eureka endpoints via configuration
2023-03-07 10:10:36.124  INFO 9140 --- [AsyncResolver-bootstrap-executor-0] c.n.d.s.r.aws.ConfigClusterResolver      : Resolving eureka endpoints via configuration
2023-03-07 10:15:36.138  INFO 9140 --- [AsyncResolver-bootstrap-executor-0] c.n.d.s.r.aws.ConfigClusterResolver      : Resolving eureka endpoints via configuration
2023-03-07 10:20:36.157  INFO 9140 --- [AsyncResolver-bootstrap-executor-0] c.n.d.s.r.aws.ConfigClusterResolver      : Resolving eureka endpoints via configuration
2023-03-07 10:25:36.192  INFO 9140 --- [AsyncResolver-bootstrap-executor-0] c.n.d.s.r.aws.ConfigClusterResolver      : Resolving eureka endpoints via configuration
2023-03-07 10:30:36.202  INFO 9140 --- [AsyncResolver-bootstrap-executor-0] c.n.d.s.r.aws.ConfigClusterResolver      : Resolving eureka endpoints via configuration
2023-03-07 10:35:36.219  INFO 9140 --- [AsyncResolver-bootstrap-executor-0] c.n.d.s.r.aws.ConfigClusterResolver      : Resolving eureka endpoints via configuration
2023-03-07 10:40:36.223  INFO 9140 --- [AsyncResolver-bootstrap-executor-0] c.n.d.s.r.aws.ConfigClusterResolver      : Resolving eureka endpoints via configuration
2023-03-07 10:45:36.238  INFO 9140 --- [AsyncResolver-bootstrap-executor-0] c.n.d.s.r.aws.ConfigClusterResolver      : Resolving eureka endpoints via configuration
2023-03-07 10:50:36.245  INFO 9140 --- [AsyncResolver-bootstrap-executor-0] c.n.d.s.r.aws.ConfigClusterResolver      : Resolving eureka endpoints via configuration
2023-03-07 10:55:36.257  INFO 9140 --- [AsyncResolver-bootstrap-executor-0] c.n.d.s.r.aws.ConfigClusterResolver      : Resolving eureka endpoints via configuration
2023-03-07 11:00:36.274  INFO 9140 --- [AsyncResolver-bootstrap-executor-0] c.n.d.s.r.aws.ConfigClusterResolver      : Resolving eureka endpoints via configuration
2023-03-07 11:05:36.287  INFO 9140 --- [AsyncResolver-bootstrap-executor-0] c.n.d.s.r.aws.ConfigClusterResolver      : Resolving eureka endpoints via configuration
2023-03-07 11:10:36.306  INFO 9140 --- [AsyncResolver-bootstrap-executor-0] c.n.d.s.r.aws.ConfigClusterResolver      : Resolving eureka endpoints via configuration
2023-03-07 11:15:36.329  INFO 9140 --- [AsyncResolver-bootstrap-executor-0] c.n.d.s.r.aws.ConfigClusterResolver      : Resolving eureka endpoints via configuration
2023-03-07 11:20:36.336  INFO 9140 --- [AsyncResolver-bootstrap-executor-0] c.n.d.s.r.aws.ConfigClusterResolver      : Resolving eureka endpoints via configuration
2023-03-07 11:25:36.341  INFO 9140 --- [AsyncResolver-bootstrap-executor-0] c.n.d.s.r.aws.ConfigClusterResolver      : Resolving eureka endpoints via configuration
2023-03-07 11:30:36.361  INFO 9140 --- [AsyncResolver-bootstrap-executor-0] c.n.d.s.r.aws.ConfigClusterResolver      : Resolving eureka endpoints via configuration
2023-03-07 11:35:36.376  INFO 9140 --- [AsyncResolver-bootstrap-executor-0] c.n.d.s.r.aws.ConfigClusterResolver      : Resolving eureka endpoints via configuration
2023-03-07 11:40:36.381  INFO 9140 --- [AsyncResolver-bootstrap-executor-0] c.n.d.s.r.aws.ConfigClusterResolver      : Resolving eureka endpoints via configuration
