2023-03-07 09:42:13.259  INFO 13936 --- [restartedMain] com.hcl.UserServiceApplication           : Starting UserServiceApplication using Java 16.0.1 on LP-PF22GKY9 with PID 13936 (C:\Users\bhavsar.siddh\Downloads\Teams Updated\Backend\UserService\UserService\target\classes started by bhavsar.siddh in C:\Users\bhavsar.siddh\Downloads\Teams Updated\Backend\UserService\UserService)
2023-03-07 09:42:13.288  INFO 13936 --- [restartedMain] com.hcl.UserServiceApplication           : No active profile set, falling back to 1 default profile: "default"
2023-03-07 09:42:13.407  INFO 13936 --- [restartedMain] .e.DevToolsPropertyDefaultsPostProcessor : Devtools property defaults active! Set 'spring.devtools.add-properties' to 'false' to disable
2023-03-07 09:42:13.407  INFO 13936 --- [restartedMain] .e.DevToolsPropertyDefaultsPostProcessor : For additional web related logging consider setting the 'logging.level.web' property to 'DEBUG'
2023-03-07 09:42:15.583  INFO 13936 --- [restartedMain] .s.d.r.c.RepositoryConfigurationDelegate : Bootstrapping Spring Data JPA repositories in DEFAULT mode.
2023-03-07 09:42:15.910  INFO 13936 --- [restartedMain] .s.d.r.c.RepositoryConfigurationDelegate : Finished Spring Data repository scanning in 308 ms. Found 1 JPA repository interfaces.
2023-03-07 09:42:16.506  INFO 13936 --- [restartedMain] o.s.cloud.context.scope.GenericScope     : BeanFactory id=75010611-28fa-381f-9bc1-f699d3159e28
2023-03-07 09:42:18.732  INFO 13936 --- [restartedMain] o.s.b.w.embedded.tomcat.TomcatWebServer  : Tomcat initialized with port(s): 8083 (http)
2023-03-07 09:42:18.751  INFO 13936 --- [restartedMain] o.apache.catalina.core.StandardService   : Starting service [Tomcat]
2023-03-07 09:42:18.752  INFO 13936 --- [restartedMain] org.apache.catalina.core.StandardEngine  : Starting Servlet engine: [Apache Tomcat/9.0.71]
2023-03-07 09:42:20.943  INFO 13936 --- [restartedMain] o.a.c.c.C.[Tomcat].[localhost].[/]       : Initializing Spring embedded WebApplicationContext
2023-03-07 09:42:20.944  INFO 13936 --- [restartedMain] w.s.c.ServletWebServerApplicationContext : Root WebApplicationContext: initialization completed in 7536 ms
2023-03-07 09:42:21.592  INFO 13936 --- [restartedMain] o.hibernate.jpa.internal.util.LogHelper  : HHH000204: Processing PersistenceUnitInfo [name: default]
2023-03-07 09:42:21.719  INFO 13936 --- [restartedMain] org.hibernate.Version                    : HHH000412: Hibernate ORM core version 5.6.14.Final
2023-03-07 09:42:22.157  INFO 13936 --- [restartedMain] o.hibernate.annotations.common.Version   : HCANN000001: Hibernate Commons Annotations {5.1.2.Final}
2023-03-07 09:42:22.419  INFO 13936 --- [restartedMain] com.zaxxer.hikari.HikariDataSource       : HikariPool-1 - Starting...
2023-03-07 09:42:23.516  INFO 13936 --- [restartedMain] com.zaxxer.hikari.HikariDataSource       : HikariPool-1 - Start completed.
2023-03-07 09:42:23.561  INFO 13936 --- [restartedMain] org.hibernate.dialect.Dialect            : HHH000400: Using dialect: org.hibernate.dialect.MySQL8Dialect
2023-03-07 09:42:25.093  INFO 13936 --- [restartedMain] o.h.e.t.j.p.i.JtaPlatformInitiator       : HHH000490: Using JtaPlatform implementation: [org.hibernate.engine.transaction.jta.platform.internal.NoJtaPlatform]
2023-03-07 09:42:25.113  INFO 13936 --- [restartedMain] j.LocalContainerEntityManagerFactoryBean : Initialized JPA EntityManagerFactory for persistence unit 'default'
2023-03-07 09:42:27.056  WARN 13936 --- [restartedMain] JpaBaseConfiguration$JpaWebConfiguration : spring.jpa.open-in-view is enabled by default. Therefore, database queries may be performed during view rendering. Explicitly configure spring.jpa.open-in-view to disable this warning
2023-03-07 09:42:27.914  INFO 13936 --- [restartedMain] o.s.b.d.a.OptionalLiveReloadServer       : LiveReload server is running on port 35729
2023-03-07 09:42:29.553  INFO 13936 --- [restartedMain] DiscoveryClientOptionalArgsConfiguration : Eureka HTTP Client uses RestTemplate.
2023-03-07 09:42:30.331  WARN 13936 --- [restartedMain] iguration$LoadBalancerCaffeineWarnLogger : Spring Cloud LoadBalancer is currently working with the default cache. While this cache implementation is useful for development and tests, it's recommended to use Caffeine cache in production.You can switch to using Caffeine cache, by adding it and org.springframework.cache.caffeine.CaffeineCacheManager to the classpath.
2023-03-07 09:42:30.372  INFO 13936 --- [restartedMain] o.s.c.n.eureka.InstanceInfoFactory       : Setting initial instance status as: STARTING
2023-03-07 09:42:30.602  INFO 13936 --- [restartedMain] com.netflix.discovery.DiscoveryClient    : Initializing Eureka in region us-east-1
2023-03-07 09:42:30.613  INFO 13936 --- [restartedMain] c.n.d.s.r.aws.ConfigClusterResolver      : Resolving eureka endpoints via configuration
2023-03-07 09:42:30.682  INFO 13936 --- [restartedMain] com.netflix.discovery.DiscoveryClient    : Disable delta property : false
2023-03-07 09:42:30.682  INFO 13936 --- [restartedMain] com.netflix.discovery.DiscoveryClient    : Single vip registry refresh property : null
2023-03-07 09:42:30.683  INFO 13936 --- [restartedMain] com.netflix.discovery.DiscoveryClient    : Force full registry fetch : false
2023-03-07 09:42:30.683  INFO 13936 --- [restartedMain] com.netflix.discovery.DiscoveryClient    : Application is null : false
2023-03-07 09:42:30.683  INFO 13936 --- [restartedMain] com.netflix.discovery.DiscoveryClient    : Registered Applications size is zero : true
2023-03-07 09:42:30.684  INFO 13936 --- [restartedMain] com.netflix.discovery.DiscoveryClient    : Application version is -1: true
2023-03-07 09:42:30.684  INFO 13936 --- [restartedMain] com.netflix.discovery.DiscoveryClient    : Getting all instance registry info from the eureka server
2023-03-07 09:42:31.677  INFO 13936 --- [restartedMain] com.netflix.discovery.DiscoveryClient    : The response status is 200
2023-03-07 09:42:31.698  INFO 13936 --- [restartedMain] com.netflix.discovery.DiscoveryClient    : Starting heartbeat executor: renew interval is: 30
2023-03-07 09:42:31.705  INFO 13936 --- [restartedMain] c.n.discovery.InstanceInfoReplicator     : InstanceInfoReplicator onDemand update allowed rate per min is 4
2023-03-07 09:42:31.718  INFO 13936 --- [restartedMain] com.netflix.discovery.DiscoveryClient    : Discovery Client initialized at timestamp 1678162351716 with initial instances count: 0
2023-03-07 09:42:31.766  INFO 13936 --- [restartedMain] o.s.c.n.e.s.EurekaServiceRegistry        : Registering application USER-SERVICE with eureka with status UP
2023-03-07 09:42:31.768  INFO 13936 --- [restartedMain] com.netflix.discovery.DiscoveryClient    : Saw local status change event StatusChangeEvent [timestamp=1678162351768, current=UP, previous=STARTING]
2023-03-07 09:42:31.774  INFO 13936 --- [DiscoveryClient-InstanceInfoReplicator-0] com.netflix.discovery.DiscoveryClient    : DiscoveryClient_USER-SERVICE/LP-PF22GKY9.HCLT.CORP.HCL.IN:User-Service:8083: registering service...
2023-03-07 09:42:31.873  INFO 13936 --- [restartedMain] o.s.b.w.embedded.tomcat.TomcatWebServer  : Tomcat started on port(s): 8083 (http) with context path ''
2023-03-07 09:42:31.875  INFO 13936 --- [restartedMain] .s.c.n.e.s.EurekaAutoServiceRegistration : Updating port to 8083
2023-03-07 09:42:32.131  INFO 13936 --- [DiscoveryClient-InstanceInfoReplicator-0] com.netflix.discovery.DiscoveryClient    : DiscoveryClient_USER-SERVICE/LP-PF22GKY9.HCLT.CORP.HCL.IN:User-Service:8083 - registration status: 204
2023-03-07 09:42:32.577  INFO 13936 --- [restartedMain] d.s.w.p.DocumentationPluginsBootstrapper : Context refreshed
2023-03-07 09:42:32.601  INFO 13936 --- [restartedMain] d.s.w.p.DocumentationPluginsBootstrapper : Found 1 custom documentation plugin(s)
2023-03-07 09:42:32.615  INFO 13936 --- [restartedMain] s.d.s.w.s.ApiListingReferenceScanner     : Scanning for api listing references
2023-03-07 09:42:32.902  INFO 13936 --- [restartedMain] com.hcl.UserServiceApplication           : Started UserServiceApplication in 21.152 seconds (JVM running for 27.103)
2023-03-07 09:43:01.703  INFO 13936 --- [DiscoveryClient-CacheRefreshExecutor-0] com.netflix.discovery.DiscoveryClient    : Disable delta property : false
2023-03-07 09:43:01.704  INFO 13936 --- [DiscoveryClient-CacheRefreshExecutor-0] com.netflix.discovery.DiscoveryClient    : Single vip registry refresh property : null
2023-03-07 09:43:01.704  INFO 13936 --- [DiscoveryClient-CacheRefreshExecutor-0] com.netflix.discovery.DiscoveryClient    : Force full registry fetch : false
2023-03-07 09:43:01.704  INFO 13936 --- [DiscoveryClient-CacheRefreshExecutor-0] com.netflix.discovery.DiscoveryClient    : Application is null : false
2023-03-07 09:43:01.704  INFO 13936 --- [DiscoveryClient-CacheRefreshExecutor-0] com.netflix.discovery.DiscoveryClient    : Registered Applications size is zero : true
2023-03-07 09:43:01.704  INFO 13936 --- [DiscoveryClient-CacheRefreshExecutor-0] com.netflix.discovery.DiscoveryClient    : Application version is -1: false
2023-03-07 09:43:01.705  INFO 13936 --- [DiscoveryClient-CacheRefreshExecutor-0] com.netflix.discovery.DiscoveryClient    : Getting all instance registry info from the eureka server
2023-03-07 09:43:01.730  INFO 13936 --- [DiscoveryClient-CacheRefreshExecutor-0] com.netflix.discovery.DiscoveryClient    : The response status is 200
2023-03-07 09:47:30.710  INFO 13936 --- [AsyncResolver-bootstrap-executor-0] c.n.d.s.r.aws.ConfigClusterResolver      : Resolving eureka endpoints via configuration
2023-03-07 09:52:30.724  INFO 13936 --- [AsyncResolver-bootstrap-executor-0] c.n.d.s.r.aws.ConfigClusterResolver      : Resolving eureka endpoints via configuration
2023-03-07 09:52:38.602  INFO 13936 --- [http-nio-8083-exec-1] o.a.c.c.C.[Tomcat].[localhost].[/]       : Initializing Spring DispatcherServlet 'dispatcherServlet'
2023-03-07 09:52:38.603  INFO 13936 --- [http-nio-8083-exec-1] o.s.web.servlet.DispatcherServlet        : Initializing Servlet 'dispatcherServlet'
2023-03-07 09:52:38.624  INFO 13936 --- [http-nio-8083-exec-1] o.s.web.servlet.DispatcherServlet        : Completed initialization in 20 ms
2023-03-07 09:57:30.728  INFO 13936 --- [AsyncResolver-bootstrap-executor-0] c.n.d.s.r.aws.ConfigClusterResolver      : Resolving eureka endpoints via configuration
2023-03-07 10:02:30.741  INFO 13936 --- [AsyncResolver-bootstrap-executor-0] c.n.d.s.r.aws.ConfigClusterResolver      : Resolving eureka endpoints via configuration
2023-03-07 10:07:30.760  INFO 13936 --- [AsyncResolver-bootstrap-executor-0] c.n.d.s.r.aws.ConfigClusterResolver      : Resolving eureka endpoints via configuration
2023-03-07 10:12:30.781  INFO 13936 --- [AsyncResolver-bootstrap-executor-0] c.n.d.s.r.aws.ConfigClusterResolver      : Resolving eureka endpoints via configuration
2023-03-07 10:17:30.788  INFO 13936 --- [AsyncResolver-bootstrap-executor-0] c.n.d.s.r.aws.ConfigClusterResolver      : Resolving eureka endpoints via configuration
2023-03-07 10:22:30.802  INFO 13936 --- [AsyncResolver-bootstrap-executor-0] c.n.d.s.r.aws.ConfigClusterResolver      : Resolving eureka endpoints via configuration
2023-03-07 10:27:30.813  INFO 13936 --- [AsyncResolver-bootstrap-executor-0] c.n.d.s.r.aws.ConfigClusterResolver      : Resolving eureka endpoints via configuration
2023-03-07 10:32:30.823  INFO 13936 --- [AsyncResolver-bootstrap-executor-0] c.n.d.s.r.aws.ConfigClusterResolver      : Resolving eureka endpoints via configuration
2023-03-07 10:37:30.840  INFO 13936 --- [AsyncResolver-bootstrap-executor-0] c.n.d.s.r.aws.ConfigClusterResolver      : Resolving eureka endpoints via configuration
2023-03-07 10:42:30.863  INFO 13936 --- [AsyncResolver-bootstrap-executor-0] c.n.d.s.r.aws.ConfigClusterResolver      : Resolving eureka endpoints via configuration
2023-03-07 10:47:30.872  INFO 13936 --- [AsyncResolver-bootstrap-executor-0] c.n.d.s.r.aws.ConfigClusterResolver      : Resolving eureka endpoints via configuration
2023-03-07 10:52:30.882  INFO 13936 --- [AsyncResolver-bootstrap-executor-0] c.n.d.s.r.aws.ConfigClusterResolver      : Resolving eureka endpoints via configuration
2023-03-07 10:57:30.891  INFO 13936 --- [AsyncResolver-bootstrap-executor-0] c.n.d.s.r.aws.ConfigClusterResolver      : Resolving eureka endpoints via configuration
2023-03-07 11:02:30.902  INFO 13936 --- [AsyncResolver-bootstrap-executor-0] c.n.d.s.r.aws.ConfigClusterResolver      : Resolving eureka endpoints via configuration
2023-03-07 11:07:30.914  INFO 13936 --- [AsyncResolver-bootstrap-executor-0] c.n.d.s.r.aws.ConfigClusterResolver      : Resolving eureka endpoints via configuration
2023-03-07 11:12:30.930  INFO 13936 --- [AsyncResolver-bootstrap-executor-0] c.n.d.s.r.aws.ConfigClusterResolver      : Resolving eureka endpoints via configuration
2023-03-07 11:17:30.948  INFO 13936 --- [AsyncResolver-bootstrap-executor-0] c.n.d.s.r.aws.ConfigClusterResolver      : Resolving eureka endpoints via configuration
2023-03-07 11:22:30.954  INFO 13936 --- [AsyncResolver-bootstrap-executor-0] c.n.d.s.r.aws.ConfigClusterResolver      : Resolving eureka endpoints via configuration
2023-03-07 11:27:30.967  INFO 13936 --- [AsyncResolver-bootstrap-executor-0] c.n.d.s.r.aws.ConfigClusterResolver      : Resolving eureka endpoints via configuration
2023-03-07 11:32:30.979  INFO 13936 --- [AsyncResolver-bootstrap-executor-0] c.n.d.s.r.aws.ConfigClusterResolver      : Resolving eureka endpoints via configuration
2023-03-07 11:37:30.992  INFO 13936 --- [AsyncResolver-bootstrap-executor-0] c.n.d.s.r.aws.ConfigClusterResolver      : Resolving eureka endpoints via configuration
2023-03-07 11:42:31.009  INFO 13936 --- [AsyncResolver-bootstrap-executor-0] c.n.d.s.r.aws.ConfigClusterResolver      : Resolving eureka endpoints via configuration
